0 [125531643623296] INFO perfrun.launcher <> - Launcher main begin
1 [125531643623296] INFO perfrun.launcher <> - MessageCatalogInit finished
1 [125531643623296] INFO perfrun.launcher <> - Launcher instance created
1 [125531643623296] INFO perfrun.launcher <> - argc = 7; cmdline = /opt/intel/oneapi/vtune/2025.8/bin64/amplxe-runss --ui-output-format xml --ui-output-fd 5 --option-file /home/antshiv/Workspace/C-Kernel-Engine/version/v7/reports/profile_train_latest/vtune_hotspots/config/runss.options 
277 [125531643623296] INFO perfrun.perfcollector <> - SEP tool path: /opt/intel/oneapi/vtune/2025.8/bin64/sep
280 [125531643623296] INFO perfrun.launcher <> - create msngr2::ICliToolContext
281 [125531643623296] INFO perfrun.launcher <> - create file finder object
281 [125531643623296] INFO perfrun.launcher <> - create a result directory: pattern = /home/antshiv/Workspace/C-Kernel-Engine/version/v7/reports/profile_train_latest/vtune_hotspots pid = 4294967295
281 [125531643623296] INFO perfrun.sdk <> - checked that the directory /home/antshiv/Workspace/C-Kernel-Engine/version/v7/reports/profile_train_latest/vtune_hotspots is a local directory
281 [125531643623296] INFO perfrun.sdk <> - the directory /home/antshiv/Workspace/C-Kernel-Engine/version/v7/reports/profile_train_latest/vtune_hotspots is a local directory with FS type ID 61267
281 [125531643623296] INFO perfrun.launcher <> - create data directory = /home/antshiv/Workspace/C-Kernel-Engine/version/v7/reports/profile_train_latest/vtune_hotspots/data.0
281 [125531643623296] INFO perfrun.launcher <> - Creating the master collection flag
286 [125531643623296] INFO perfrun.launcher <> - Done creating the master collection flag
286 [125531483793088] INFO perfrun.launcher <> - plugin [remoteplug] was disabled because it doesn't support the given collection type.
286 [125531483793088] INFO perfrun.sdk <> - Allocating TMU :/home/antshiv/Workspace/C-Kernel-Engine/version/v7/reports/profile_train_latest/vtune_hotspots/data.0/systemcollector-2238404-antshiv-ThinkPad-T14-Gen-3.sc
286 [125531483793088] INFO perfrun.system <> - Tpss based collection
287 [125531483793088] INFO perfrun.launcher <> - plugin [ptracecollector] was disabled because it doesn't support the given collection type.
287 [125531483793088] INFO perfrun.launcher <> - plugin [gpu] was disabled because it doesn't support the given collection type.
287 [125531483793088] INFO perfrun.launcher <> - plugin [] was disabled because it doesn't support the given collection type.
287 [125531483793088] INFO perfrun.launcher <> - plugin [] was disabled because it doesn't support the given collection type.
287 [125531483793088] INFO perfrun.launcher <> - plugin [] was disabled because it doesn't support the given collection type.
287 [125531483793088] INFO perfrun.mrte <> - system-wide mode is 0
287 [125531483793088] INFO perfrun.mrte <> - Getting  mrte profiling environment ...
291 [125531483793088] INFO perfrun.mrte <> - INTEL_MRTE_DATA_DIR=/home/antshiv/Workspace/C-Kernel-Engine/version/v7/reports/profile_train_latest/vtune_hotspots/data.0
291 [125531483793088] INFO perfrun.mrte <> - INTEL_MRTE_HOST_NAME=antshiv-ThinkPad-T14-Gen-3
291 [125531483793088] INFO perfrun.mrte <> - JAVA_TOOL_OPTIONS=-agentlib:amplxe_samplingmrte_javaprof_1.0 -Dsun.boot.library.path=/opt/intel/oneapi/vtune/2025.8/lib32/runtime:/opt/intel/oneapi/vtune/2025.8/lib64/runtime
291 [125531483793088] INFO perfrun.mrte <> - LD_LIBRARY_PATH=/opt/intel/oneapi/vtune/2025.8/lib32/runtime:/opt/intel/oneapi/vtune/2025.8/lib64/runtime:/opt/intel/oneapi/tcm/1.4/lib:/opt/intel/oneapi/umf/1.0/lib:/opt/intel/oneapi/tbb/2022.3/env/../lib/intel64/gcc4.8:/opt/intel/oneapi/mpi/2021.17/opt/mpi/libfabric/lib:/opt/intel/oneapi/mpi/2021.17/lib:/opt/intel/oneapi/mkl/2025.3/lib:/opt/intel/oneapi/ishmem/1.5/lib:/opt/intel/oneapi/ippcp/2025.3/lib/:/opt/intel/oneapi/ipp/2022.3/lib:/opt/intel/oneapi/dnnl/2025.3/lib:/opt/intel/oneapi/debugger/2025.3/opt/debugger/lib:/opt/intel/oneapi/dal/2025.10/lib:/opt/intel/oneapi/compiler/2025.3/opt/compiler/lib:/opt/intel/oneapi/compiler/2025.3/lib:/opt/intel/oneapi/ccl/2021.17/lib/:/usr/local/lib:/home/antshiv/Programs/lib::/home/antshiv/Programs/lib
291 [125531483793088] INFO perfrun.mrte <> - CORECLR_ENABLE_PROFILING=1
291 [125531483793088] INFO perfrun.mrte <> - CORECLR_PROFILER={AA5E4821-E3B1-479c-B7FF-5AD047D22CED}
291 [125531483793088] INFO perfrun.mrte <> - CORECLR_PROFILER_PATH=/opt/intel/oneapi/vtune/2025.8/lib64/libamplxe_samplingmrte_clrprof_1.0.so
291 [125531483793088] INFO perfrun.mrte <> - INTEL_MRTE_PROFILER_MODE=mixed
291 [125531483793088] INFO perfrun.mrte <> - Data directory: /home/antshiv/Workspace/C-Kernel-Engine/version/v7/reports/profile_train_latest/vtune_hotspots/data.0
291 [125531483793088] INFO perfrun.mrte <> - Mrte plugin is initialized
291 [125531483793088] INFO perfrun.launcher <> - plugin [emon] was disabled because it doesn't support the given collection type.
291 [125531483793088] INFO perfrun.launcher <> - plugin [cuscol] was disabled because it doesn't support the given collection type.
291 [125531483793088] INFO perfrun.launcher <> - plugin [stdsrc] was disabled because it doesn't support the given collection type.
291 [125531483793088] INFO perfrun.launcher <> - plugin [sep] was disabled because it doesn't support the given collection type.
291 [125531483793088] INFO perfrun.launcher <> - plugin [vtsspp] was disabled because it doesn't support the given collection type.
291 [125531483793088] INFO perfrun.perfcollector <> - Platform type: 148
291 [125531483793088] INFO perfrun.sdk <> - Reading value (1) from file: /proc/sys/kernel/perf_event_paranoid
291 [125531483793088] INFO perfrun.perfcollector <> - checking access to: /opt/intel/oneapi/vtune/2025.8/bin64/amplxe-perf-priv
291 [125531483793088] INFO perfrun.perfcollector <> - dir found: /sys/bus/event_source/devices/software
291 [125531483793088] INFO perfrun.perfcollector <> - format: pmu format subdir doesn't exist
291 [125531483793088] INFO perfrun.perfcollector <> - hwInfo: not set, pmuFam: software
291 [125531483793088] INFO perfrun.perfcollector <> - pmu added: software, idx: 0
291 [125531483793088] INFO perfrun.perfcollector <> - dir found: /sys/bus/event_source/devices/uncore_imc_free_running_1
291 [125531483793088] INFO perfrun.perfcollector <> - format: event: config:0-7, mask:0-7
291 [125531483793088] INFO perfrun.perfcollector <> - format: umask: config:8-15, mask:8-15
291 [125531483793088] INFO perfrun.perfcollector <> - hwInfo: not set, pmuFam: uncore_imc_free_running
291 [125531483793088] INFO perfrun.perfcollector <> - pmu caps: raw,format,events
291 [125531483793088] INFO perfrun.perfcollector <> - pmu added: uncore_imc_free_running, idx: 1
291 [125531483793088] INFO perfrun.perfcollector <> - dir found: /sys/bus/event_source/devices/uncore_arb_0
291 [125531483793088] INFO perfrun.perfcollector <> - format: event: config:0-7, mask:0-7
291 [125531483793088] INFO perfrun.perfcollector <> - format: edge: config:18, mask:18
291 [125531483793088] INFO perfrun.perfcollector <> - format: inv: config:23, mask:23
291 [125531483793088] INFO perfrun.perfcollector <> - format: umask: config:8-15, mask:8-15
291 [125531483793088] INFO perfrun.perfcollector <> - format: cmask: config:24-28, mask:24-28
291 [125531483793088] INFO perfrun.perfcollector <> - hwInfo: not set, pmuFam: uncore_arb
291 [125531483793088] INFO perfrun.perfcollector <> - pmu caps: raw,format
291 [125531483793088] INFO perfrun.perfcollector <> - pmu added: uncore_arb, idx: 0
291 [125531483793088] INFO perfrun.perfcollector <> - dir found: /sys/bus/event_source/devices/cpu_core
291 [125531483793088] INFO perfrun.perfcollector <> - format: event: config:0-7, mask:0-7
291 [125531483793088] INFO perfrun.perfcollector <> - format: pc: config:19, mask:19
291 [125531483793088] INFO perfrun.perfcollector <> - format: edge: config:18, mask:18
291 [125531483793088] INFO perfrun.perfcollector <> - format: offcore_rsp: config1:0-63, mask:0-63
291 [125531483793088] INFO perfrun.perfcollector <> - format: ldlat: config1:0-15, mask:0-15
291 [125531483793088] INFO perfrun.perfcollector <> - format: inv: config:23, mask:23
291 [125531483793088] INFO perfrun.perfcollector <> - format: umask: config:8-15, mask:8-15
291 [125531483793088] INFO perfrun.perfcollector <> - format: frontend: config1:0-23, mask:0-23
291 [125531483793088] INFO perfrun.perfcollector <> - format: cmask: config:24-31, mask:24-31
292 [125531483793088] INFO perfrun.perfcollector <> - hwInfo: PERF_CPU_PMU_DETAILS
292 [125531483793088] INFO perfrun.perfcollector <> - pmu caps: raw,format,events,ldlat,frontend,offcore_rsp
292 [125531483793088] INFO perfrun.perfcollector <> - pmu added: cpu_core, idx: 0
292 [125531483793088] INFO perfrun.perfcollector <> - dir found: /sys/bus/event_source/devices/uncore_clock
292 [125531483793088] INFO perfrun.perfcollector <> - format: event: config:0-7, mask:0-7
292 [125531483793088] INFO perfrun.perfcollector <> - hwInfo: not set, pmuFam: uncore_clock
292 [125531483793088] INFO perfrun.perfcollector <> - pmu caps: raw,format,events
292 [125531483793088] INFO perfrun.perfcollector <> - pmu added: uncore_clock, idx: 0
292 [125531483793088] INFO perfrun.perfcollector <> - dir found: /sys/bus/event_source/devices/uncore_imc_1
292 [125531483793088] INFO perfrun.perfcollector <> - format: event: config:0-7, mask:0-7
292 [125531483793088] INFO perfrun.perfcollector <> - format: edge: config:18, mask:18
292 [125531483793088] INFO perfrun.perfcollector <> - format: chmask: config:8-11, mask:8-11
292 [125531483793088] INFO perfrun.perfcollector <> - hwInfo: PERF_IMC_PMU_DETAILS
292 [125531483793088] INFO perfrun.perfcollector <> - pmu caps: raw,format
292 [125531483793088] INFO perfrun.perfcollector <> - pmu added: uncore_imc, idx: 1
292 [125531483793088] INFO perfrun.perfcollector <> - dir found: /sys/bus/event_source/devices/power
292 [125531483793088] INFO perfrun.perfcollector <> - format: event: config:0-7, mask:0-7
292 [125531483793088] INFO perfrun.perfcollector <> - hwInfo: not set, pmuFam: power
292 [125531483793088] INFO perfrun.perfcollector <> - pmu caps: raw,format,events
292 [125531483793088] INFO perfrun.perfcollector <> - pmu added: power, idx: 0
292 [125531483793088] INFO perfrun.perfcollector <> - dir found: /sys/bus/event_source/devices/uncore_cbox_4
292 [125531483793088] INFO perfrun.perfcollector <> - format: event: config:0-7, mask:0-7
292 [125531483793088] INFO perfrun.perfcollector <> - format: edge: config:18, mask:18
292 [125531483793088] INFO perfrun.perfcollector <> - format: threshold: config:24-29, mask:24-29
292 [125531483793088] INFO perfrun.perfcollector <> - format: inv: config:23, mask:23
292 [125531483793088] INFO perfrun.perfcollector <> - format: umask: config:8-15, mask:8-15
292 [125531483793088] INFO perfrun.perfcollector <> - hwInfo: PERF_CBOX_PMU_DETAILS
292 [125531483793088] INFO perfrun.perfcollector <> - pmu caps: raw,format
292 [125531483793088] INFO perfrun.perfcollector <> - pmu added: uncore_cbox, idx: 4
292 [125531483793088] INFO perfrun.perfcollector <> - dir found: /sys/bus/event_source/devices/uprobe
292 [125531483793088] INFO perfrun.perfcollector <> - format: ref_ctr_offset: config:32-63, mask:32-63
292 [125531483793088] INFO perfrun.perfcollector <> - format: retprobe: config:0, mask:0
292 [125531483793088] INFO perfrun.perfcollector <> - hwInfo: not set, pmuFam: uprobe
292 [125531483793088] INFO perfrun.perfcollector <> - pmu caps: raw,format
292 [125531483793088] INFO perfrun.perfcollector <> - pmu added: uprobe, idx: 0
292 [125531483793088] INFO perfrun.perfcollector <> - dir found: /sys/bus/event_source/devices/intel_bts
292 [125531483793088] INFO perfrun.perfcollector <> - format: pmu format subdir doesn't exist
292 [125531483793088] INFO perfrun.perfcollector <> - hwInfo: not set, pmuFam: intel_bts
292 [125531483793088] INFO perfrun.perfcollector <> - pmu added: intel_bts, idx: 0
292 [125531483793088] INFO perfrun.perfcollector <> - dir found: /sys/bus/event_source/devices/cpu_atom
292 [125531483793088] INFO perfrun.perfcollector <> - format: event: config:0-7, mask:0-7
292 [125531483793088] INFO perfrun.perfcollector <> - format: pc: config:19, mask:19
292 [125531483793088] INFO perfrun.perfcollector <> - format: edge: config:18, mask:18
292 [125531483793088] INFO perfrun.perfcollector <> - format: offcore_rsp: config1:0-63, mask:0-63
292 [125531483793088] INFO perfrun.perfcollector <> - format: ldlat: config1:0-15, mask:0-15
292 [125531483793088] INFO perfrun.perfcollector <> - format: inv: config:23, mask:23
292 [125531483793088] INFO perfrun.perfcollector <> - format: umask: config:8-15, mask:8-15
292 [125531483793088] INFO perfrun.perfcollector <> - format: cmask: config:24-31, mask:24-31
292 [125531483793088] INFO perfrun.perfcollector <> - hwInfo: PERF_CPU_PMU_DETAILS
292 [125531483793088] INFO perfrun.perfcollector <> - pmu caps: raw,format,events,ldlat,offcore_rsp
292 [125531483793088] INFO perfrun.perfcollector <> - pmu added: cpu_atom, idx: 0
292 [125531483793088] INFO perfrun.perfcollector <> - dir found: /sys/bus/event_source/devices/cstate_core
292 [125531483793088] INFO perfrun.perfcollector <> - format: event: config:0-63, mask:0-63
292 [125531483793088] INFO perfrun.perfcollector <> - hwInfo: not set, pmuFam: cstate_core
292 [125531483793088] INFO perfrun.perfcollector <> - pmu caps: raw,format,events
292 [125531483793088] INFO perfrun.perfcollector <> - pmu added: cstate_core, idx: 0
292 [125531483793088] INFO perfrun.perfcollector <> - dir found: /sys/bus/event_source/devices/uncore_cbox_2
292 [125531483793088] INFO perfrun.perfcollector <> - format: event: config:0-7, mask:0-7
292 [125531483793088] INFO perfrun.perfcollector <> - format: edge: config:18, mask:18
292 [125531483793088] INFO perfrun.perfcollector <> - format: threshold: config:24-29, mask:24-29
292 [125531483793088] INFO perfrun.perfcollector <> - format: inv: config:23, mask:23
292 [125531483793088] INFO perfrun.perfcollector <> - format: umask: config:8-15, mask:8-15
292 [125531483793088] INFO perfrun.perfcollector <> - hwInfo: PERF_CBOX_PMU_DETAILS
292 [125531483793088] INFO perfrun.perfcollector <> - pmu caps: raw,format
292 [125531483793088] INFO perfrun.perfcollector <> - pmu added: uncore_cbox, idx: 2
292 [125531483793088] INFO perfrun.perfcollector <> - dir found: /sys/bus/event_source/devices/breakpoint
292 [125531483793088] INFO perfrun.perfcollector <> - format: pmu format subdir doesn't exist
292 [125531483793088] INFO perfrun.perfcollector <> - hwInfo: not set, pmuFam: breakpoint
292 [125531483793088] INFO perfrun.perfcollector <> - pmu added: breakpoint, idx: 0
292 [125531483793088] INFO perfrun.perfcollector <> - dir found: /sys/bus/event_source/devices/uncore_arb_1
292 [125531483793088] INFO perfrun.perfcollector <> - format: event: config:0-7, mask:0-7
292 [125531483793088] INFO perfrun.perfcollector <> - format: edge: config:18, mask:18
292 [125531483793088] INFO perfrun.perfcollector <> - format: inv: config:23, mask:23
292 [125531483793088] INFO perfrun.perfcollector <> - format: umask: config:8-15, mask:8-15
292 [125531483793088] INFO perfrun.perfcollector <> - format: cmask: config:24-28, mask:24-28
292 [125531483793088] INFO perfrun.perfcollector <> - hwInfo: not set, pmuFam: uncore_arb
292 [125531483793088] INFO perfrun.perfcollector <> - pmu caps: raw,format
292 [125531483793088] INFO perfrun.perfcollector <> - pmu added: uncore_arb, idx: 1
292 [125531483793088] INFO perfrun.perfcollector <> - dir found: /sys/bus/event_source/devices/uncore_cbox_0
292 [125531483793088] INFO perfrun.perfcollector <> - format: event: config:0-7, mask:0-7
292 [125531483793088] INFO perfrun.perfcollector <> - format: edge: config:18, mask:18
292 [125531483793088] INFO perfrun.perfcollector <> - format: threshold: config:24-29, mask:24-29
292 [125531483793088] INFO perfrun.perfcollector <> - format: inv: config:23, mask:23
292 [125531483793088] INFO perfrun.perfcollector <> - format: umask: config:8-15, mask:8-15
292 [125531483793088] INFO perfrun.perfcollector <> - hwInfo: PERF_CBOX_PMU_DETAILS
292 [125531483793088] INFO perfrun.perfcollector <> - pmu caps: raw,format
292 [125531483793088] INFO perfrun.perfcollector <> - pmu added: uncore_cbox, idx: 0
292 [125531483793088] INFO perfrun.perfcollector <> - dir found: /sys/bus/event_source/devices/tracepoint
292 [125531483793088] INFO perfrun.perfcollector <> - format: pmu format subdir doesn't exist
292 [125531483793088] INFO perfrun.perfcollector <> - hwInfo: not set, pmuFam: tracepoint
292 [125531483793088] INFO perfrun.perfcollector <> - pmu added: tracepoint, idx: 0
292 [125531483793088] INFO perfrun.perfcollector <> - dir found: /sys/bus/event_source/devices/cstate_pkg
292 [125531483793088] INFO perfrun.perfcollector <> - format: event: config:0-63, mask:0-63
292 [125531483793088] INFO perfrun.perfcollector <> - hwInfo: not set, pmuFam: cstate_pkg
292 [125531483793088] INFO perfrun.perfcollector <> - pmu caps: raw,format,events
292 [125531483793088] INFO perfrun.perfcollector <> - pmu added: cstate_pkg, idx: 0
292 [125531483793088] INFO perfrun.perfcollector <> - dir found: /sys/bus/event_source/devices/uncore_imc_free_running_0
292 [125531483793088] INFO perfrun.perfcollector <> - format: event: config:0-7, mask:0-7
292 [125531483793088] INFO perfrun.perfcollector <> - format: umask: config:8-15, mask:8-15
292 [125531483793088] INFO perfrun.perfcollector <> - hwInfo: not set, pmuFam: uncore_imc_free_running
292 [125531483793088] INFO perfrun.perfcollector <> - pmu caps: raw,format,events
292 [125531483793088] INFO perfrun.perfcollector <> - pmu added: uncore_imc_free_running, idx: 0
292 [125531483793088] INFO perfrun.perfcollector <> - dir found: /sys/bus/event_source/devices/kprobe
292 [125531483793088] INFO perfrun.perfcollector <> - format: retprobe: config:0, mask:0
292 [125531483793088] INFO perfrun.perfcollector <> - hwInfo: not set, pmuFam: kprobe
292 [125531483793088] INFO perfrun.perfcollector <> - pmu caps: raw,format
292 [125531483793088] INFO perfrun.perfcollector <> - pmu added: kprobe, idx: 0
292 [125531483793088] INFO perfrun.perfcollector <> - dir found: /sys/bus/event_source/devices/uncore_cbox_5
292 [125531483793088] INFO perfrun.perfcollector <> - format: event: config:0-7, mask:0-7
292 [125531483793088] INFO perfrun.perfcollector <> - format: edge: config:18, mask:18
292 [125531483793088] INFO perfrun.perfcollector <> - format: threshold: config:24-29, mask:24-29
292 [125531483793088] INFO perfrun.perfcollector <> - format: inv: config:23, mask:23
292 [125531483793088] INFO perfrun.perfcollector <> - format: umask: config:8-15, mask:8-15
292 [125531483793088] INFO perfrun.perfcollector <> - hwInfo: PERF_CBOX_PMU_DETAILS
292 [125531483793088] INFO perfrun.perfcollector <> - pmu caps: raw,format
292 [125531483793088] INFO perfrun.perfcollector <> - pmu added: uncore_cbox, idx: 5
292 [125531483793088] INFO perfrun.perfcollector <> - dir found: /sys/bus/event_source/devices/uncore_imc_0
292 [125531483793088] INFO perfrun.perfcollector <> - format: event: config:0-7, mask:0-7
292 [125531483793088] INFO perfrun.perfcollector <> - format: edge: config:18, mask:18
292 [125531483793088] INFO perfrun.perfcollector <> - format: chmask: config:8-11, mask:8-11
292 [125531483793088] INFO perfrun.perfcollector <> - hwInfo: PERF_IMC_PMU_DETAILS
292 [125531483793088] INFO perfrun.perfcollector <> - pmu caps: raw,format
292 [125531483793088] INFO perfrun.perfcollector <> - pmu added: uncore_imc, idx: 0
292 [125531483793088] INFO perfrun.perfcollector <> - dir found: /sys/bus/event_source/devices/i915
292 [125531483793088] INFO perfrun.perfcollector <> - format: i915_eventid: config:0-20, mask:0-20
292 [125531483793088] INFO perfrun.perfcollector <> - hwInfo: not set, pmuFam: i915
292 [125531483793088] INFO perfrun.perfcollector <> - pmu caps: raw,format,events
292 [125531483793088] INFO perfrun.perfcollector <> - pmu added: i915, idx: 0
292 [125531483793088] INFO perfrun.perfcollector <> - dir found: /sys/bus/event_source/devices/msr
292 [125531483793088] INFO perfrun.perfcollector <> - format: event: config:0-63, mask:0-63
292 [125531483793088] INFO perfrun.perfcollector <> - hwInfo: not set, pmuFam: msr
292 [125531483793088] INFO perfrun.perfcollector <> - pmu caps: raw,format,events
292 [125531483793088] INFO perfrun.perfcollector <> - pmu added: msr, idx: 0
292 [125531483793088] INFO perfrun.perfcollector <> - dir found: /sys/bus/event_source/devices/uncore_cbox_3
292 [125531483793088] INFO perfrun.perfcollector <> - format: event: config:0-7, mask:0-7
292 [125531483793088] INFO perfrun.perfcollector <> - format: edge: config:18, mask:18
292 [125531483793088] INFO perfrun.perfcollector <> - format: threshold: config:24-29, mask:24-29
292 [125531483793088] INFO perfrun.perfcollector <> - format: inv: config:23, mask:23
292 [125531483793088] INFO perfrun.perfcollector <> - format: umask: config:8-15, mask:8-15
292 [125531483793088] INFO perfrun.perfcollector <> - hwInfo: PERF_CBOX_PMU_DETAILS
292 [125531483793088] INFO perfrun.perfcollector <> - pmu caps: raw,format
292 [125531483793088] INFO perfrun.perfcollector <> - pmu added: uncore_cbox, idx: 3
292 [125531483793088] INFO perfrun.perfcollector <> - dir found: /sys/bus/event_source/devices/intel_pt
292 [125531483793088] INFO perfrun.perfcollector <> - format: ptw: config:12, mask:12
292 [125531483793088] INFO perfrun.perfcollector <> - format: event: config:31, mask:31
292 [125531483793088] INFO perfrun.perfcollector <> - format: cyc_thresh: config:19-22, mask:19-22
292 [125531483793088] INFO perfrun.perfcollector <> - format: pt: config:0, mask:0
292 [125531483793088] INFO perfrun.perfcollector <> - format: notnt: config:55, mask:55
292 [125531483793088] INFO perfrun.perfcollector <> - format: branch: config:13, mask:13
292 [125531483793088] INFO perfrun.perfcollector <> - format: tsc: config:10, mask:10
292 [125531483793088] INFO perfrun.perfcollector <> - format: pwr_evt: config:4, mask:4
292 [125531483793088] INFO perfrun.perfcollector <> - format: fup_on_ptw: config:5, mask:5
292 [125531483793088] INFO perfrun.perfcollector <> - format: cyc: config:1, mask:1
292 [125531483793088] INFO perfrun.perfcollector <> - format: noretcomp: config:11, mask:11
292 [125531483793088] INFO perfrun.perfcollector <> - format: mtc: config:9, mask:9
292 [125531483793088] INFO perfrun.perfcollector <> - format: psb_period: config:24-27, mask:24-27
292 [125531483793088] INFO perfrun.perfcollector <> - format: mtc_period: config:14-17, mask:14-17
292 [125531483793088] INFO perfrun.perfcollector <> - hwInfo: not set, pmuFam: intel_pt
292 [125531483793088] INFO perfrun.perfcollector <> - pmu caps: raw,format
292 [125531483793088] INFO perfrun.perfcollector <> - pmu added: intel_pt, idx: 0
292 [125531483793088] INFO perfrun.perfcollector <> - dir found: /sys/bus/event_source/devices/uncore_cbox_1
292 [125531483793088] INFO perfrun.perfcollector <> - format: event: config:0-7, mask:0-7
292 [125531483793088] INFO perfrun.perfcollector <> - format: edge: config:18, mask:18
292 [125531483793088] INFO perfrun.perfcollector <> - format: threshold: config:24-29, mask:24-29
292 [125531483793088] INFO perfrun.perfcollector <> - format: inv: config:23, mask:23
292 [125531483793088] INFO perfrun.perfcollector <> - format: umask: config:8-15, mask:8-15
292 [125531483793088] INFO perfrun.perfcollector <> - hwInfo: PERF_CBOX_PMU_DETAILS
292 [125531483793088] INFO perfrun.perfcollector <> - pmu caps: raw,format
292 [125531483793088] INFO perfrun.perfcollector <> - pmu added: uncore_cbox, idx: 1
292 [125531483793088] INFO perfrun.perfcollector <> - Perf tool path: /opt/intel/oneapi/vtune/2025.8/bin64/amplxe-perf
292 [125531483793088] INFO perfrun.perfcollector <> - Data directory: /home/antshiv/Workspace/C-Kernel-Engine/version/v7/reports/profile_train_latest/vtune_hotspots/data.0
292 [125531483793088] INFO perfrun.perfcollector <> - Temp directory: /tmp/amplxe-tmp-antshiv
292 [125531483793088] INFO perfrun.perfcollector <> - Perf sync path: /opt/intel/oneapi/vtune/2025.8/bin64/amplxe-perf-sync
292 [125531483793088] INFO perfrun.perfcollector <> - Hypervisor = None
292 [125531483793088] INFO perfrun.perfcollector <> - Counting mode is requested
292 [125531483793088] INFO perfrun.perfcollector <> - Sample after multiplier: 1
292 [125531483793088] INFO perfrun.sdk <> - runCmd: /opt/intel/oneapi/vtune/2025.8/bin64/sep -dry-run -sam 1 -ec CPU_CLK_UNHALTED.THREAD:sa=2500000,CPU_CLK_UNHALTED.REF_TSC:sample:sa=2500000,INST_RETIRED.ANY:sample:sa=2500000,CPU_CLK_UNHALTED.DISTRIBUTED:sa=2500000,FP_ARITH_INST_RETIRED.SCALAR_SINGLE:sa=2000003,FP_ARITH_INST_RETIRED.128B_PACKED_SINGLE:sa=2000003,FP_ARITH_INST_RETIRED.256B_PACKED_SINGLE:sa=2000003,FP_ARITH_INST_RETIRED.SCALAR_DOUBLE:sa=2000003,FP_ARITH_INST_RETIRED.128B_PACKED_DOUBLE:sa=2000003,FP_ARITH_INST_RETIRED.256B_PACKED_DOUBLE:sa=2000003,UOPS_EXECUTED.X87:sa=2000003,UOPS_RETIRED.SLOTS:sa=2000003,UOPS_EXECUTED.THREAD:sa=2000003,TOPDOWN.SLOTS:sample:sa=2000003,TOPDOWN.SLOTS_P:sample:sa=2000003,TOPDOWN_RETIRING.ALL_P:sample:sa=2000003,TOPDOWN_RETIRING.ALL:sample:sa=2000003 -experimental
293 [125531483793088] INFO perfrun.sdk <> - runCmd started PID 2238408
299 [125531483793088] INFO perfrun.perfcollector <> - SepDryRun RC = true
299 [125531483793088] INFO perfrun.perfcollector <> - Loading SEP event configuration
299 [125531483793088] INFO perfrun.perfcollector <> - pmu: cpu_core
299 [125531483793088] INFO perfrun.perfcollector <> - group_id: 0
299 [125531483793088] INFO perfrun.perfcollector <> - event_id: 2: INST_RETIRED.ANY
299 [125531483793088] INFO perfrun.perfcollector <> - event_id: 0: CPU_CLK_UNHALTED.THREAD
299 [125531483793088] INFO perfrun.perfcollector <> - event_id: 1: CPU_CLK_UNHALTED.REF_TSC
299 [125531483793088] INFO perfrun.perfcollector <> - event_id: 13: TOPDOWN.SLOTS
299 [125531483793088] INFO perfrun.perfcollector <> - event_id: 3: CPU_CLK_UNHALTED.DISTRIBUTED
299 [125531483793088] INFO perfrun.perfcollector <> - event_id: 4: FP_ARITH_INST_RETIRED.SCALAR_SINGLE
299 [125531483793088] INFO perfrun.perfcollector <> - event_id: 5: FP_ARITH_INST_RETIRED.128B_PACKED_SINGLE
299 [125531483793088] INFO perfrun.perfcollector <> - event_id: 6: FP_ARITH_INST_RETIRED.256B_PACKED_SINGLE
299 [125531483793088] INFO perfrun.perfcollector <> - event_id: 7: FP_ARITH_INST_RETIRED.SCALAR_DOUBLE
299 [125531483793088] INFO perfrun.perfcollector <> - event_id: 8: FP_ARITH_INST_RETIRED.128B_PACKED_DOUBLE
299 [125531483793088] INFO perfrun.perfcollector <> - event_id: 9: FP_ARITH_INST_RETIRED.256B_PACKED_DOUBLE
299 [125531483793088] INFO perfrun.perfcollector <> - event_id: 10: UOPS_EXECUTED.X87
299 [125531483793088] INFO perfrun.perfcollector <> - group_id: 0: pebs_enable: addr: 3f1, value: f000000ff
299 [125531483793088] INFO perfrun.perfcollector <> - event_id: 3: cccr: addr: 186, value: 4302ec
299 [125531483793088] INFO perfrun.perfcollector <> - event_id: 4: cccr: addr: 187, value: 4302c7
299 [125531483793088] INFO perfrun.perfcollector <> - event_id: 5: cccr: addr: 188, value: 4308c7
299 [125531483793088] INFO perfrun.perfcollector <> - event_id: 6: cccr: addr: 189, value: 4320c7
299 [125531483793088] INFO perfrun.perfcollector <> - event_id: 7: cccr: addr: 18a, value: 4301c7
299 [125531483793088] INFO perfrun.perfcollector <> - event_id: 8: cccr: addr: 18b, value: 4304c7
299 [125531483793088] INFO perfrun.perfcollector <> - event_id: 9: cccr: addr: 18c, value: 4310c7
299 [125531483793088] INFO perfrun.perfcollector <> - event_id: 10: cccr: addr: 18d, value: 4310b1
299 [125531483793088] INFO perfrun.perfcollector <> - event_id: 2: data: addr: 309, value: ffffffffffd9da60
299 [125531483793088] INFO perfrun.perfcollector <> - event_id: 0: data: addr: 30a, value: ffffffffffd9da60
299 [125531483793088] INFO perfrun.perfcollector <> - event_id: 1: data: addr: 30b, value: ffffffffffd9da60
299 [125531483793088] INFO perfrun.perfcollector <> - event_id: 13: data: addr: 30c, value: ffffffffffe17b7d
299 [125531483793088] INFO perfrun.perfcollector <> - event_id: 3: data: addr: c1, value: ffffffffffd9da60
299 [125531483793088] INFO perfrun.perfcollector <> - event_id: 4: data: addr: c2, value: ffffffffffe17b7d
299 [125531483793088] INFO perfrun.perfcollector <> - event_id: 5: data: addr: c3, value: ffffffffffe17b7d
299 [125531483793088] INFO perfrun.perfcollector <> - event_id: 6: data: addr: c4, value: ffffffffffe17b7d
299 [125531483793088] INFO perfrun.perfcollector <> - event_id: 7: data: addr: c5, value: ffffffffffe17b7d
299 [125531483793088] INFO perfrun.perfcollector <> - event_id: 8: data: addr: c6, value: ffffffffffe17b7d
299 [125531483793088] INFO perfrun.perfcollector <> - event_id: 9: data: addr: c7, value: ffffffffffe17b7d
299 [125531483793088] INFO perfrun.perfcollector <> - event_id: 10: data: addr: c8, value: ffffffffffe17b7d
299 [125531483793088] INFO perfrun.perfcollector <> - group_id: 1
299 [125531483793088] INFO perfrun.perfcollector <> - event_id: 2: INST_RETIRED.ANY
299 [125531483793088] INFO perfrun.perfcollector <> - event_id: 0: CPU_CLK_UNHALTED.THREAD
299 [125531483793088] INFO perfrun.perfcollector <> - event_id: 1: CPU_CLK_UNHALTED.REF_TSC
299 [125531483793088] INFO perfrun.perfcollector <> - event_id: 13: TOPDOWN.SLOTS
299 [125531483793088] INFO perfrun.perfcollector <> - event_id: 11: UOPS_RETIRED.SLOTS
299 [125531483793088] INFO perfrun.perfcollector <> - event_id: 12: UOPS_EXECUTED.THREAD
299 [125531483793088] INFO perfrun.perfcollector <> - event_id: 14: TOPDOWN.SLOTS_P
299 [125531483793088] INFO perfrun.perfcollector <> - group_id: 1: pebs_enable: addr: 3f1, value: f00000007
299 [125531483793088] INFO perfrun.perfcollector <> - event_id: 11: cccr: addr: 186, value: 4302c2
299 [125531483793088] INFO perfrun.perfcollector <> - event_id: 12: cccr: addr: 187, value: 4301b1
299 [125531483793088] INFO perfrun.perfcollector <> - event_id: 14: cccr: addr: 188, value: 4301a4
299 [125531483793088] INFO perfrun.perfcollector <> - event_id: 2: data: addr: 309, value: ffffffffffd9da60
299 [125531483793088] INFO perfrun.perfcollector <> - event_id: 0: data: addr: 30a, value: ffffffffffd9da60
299 [125531483793088] INFO perfrun.perfcollector <> - event_id: 1: data: addr: 30b, value: ffffffffffd9da60
299 [125531483793088] INFO perfrun.perfcollector <> - event_id: 13: data: addr: 30c, value: ffffffffffe17b7d
299 [125531483793088] INFO perfrun.perfcollector <> - event_id: 11: data: addr: c1, value: ffffffffffe17b7d
299 [125531483793088] INFO perfrun.perfcollector <> - event_id: 12: data: addr: c2, value: ffffffffffe17b7d
299 [125531483793088] INFO perfrun.perfcollector <> - event_id: 14: data: addr: c3, value: ffffffffffe17b7d
299 [125531483793088] INFO perfrun.perfcollector <> - pmu: cpu_atom
299 [125531483793088] INFO perfrun.perfcollector <> - group_id: 0
299 [125531483793088] INFO perfrun.perfcollector <> - event_id: 2: INST_RETIRED.ANY
299 [125531483793088] INFO perfrun.perfcollector <> - event_id: 0: CPU_CLK_UNHALTED.THREAD
299 [125531483793088] INFO perfrun.perfcollector <> - event_id: 1: CPU_CLK_UNHALTED.REF_TSC
299 [125531483793088] INFO perfrun.perfcollector <> - event_id: 16: TOPDOWN_RETIRING.ALL
299 [125531483793088] INFO perfrun.perfcollector <> - group_id: 0: pebs_enable: addr: 3f1, value: 700000001
299 [125531483793088] INFO perfrun.perfcollector <> - event_id: 16: cccr: addr: 186, value: 4300c2
299 [125531483793088] INFO perfrun.perfcollector <> - event_id: 2: data: addr: 309, value: ffffffffffd9da60
299 [125531483793088] INFO perfrun.perfcollector <> - event_id: 0: data: addr: 30a, value: ffffffffffd9da60
299 [125531483793088] INFO perfrun.perfcollector <> - event_id: 1: data: addr: 30b, value: ffffffffffd9da60
299 [125531483793088] INFO perfrun.perfcollector <> - event_id: 16: data: addr: c1, value: ffffffffffe17b7d
299 [125531483793088] INFO perfrun.perfcollector <> - Converting events to Perf format
299 [125531483793088] INFO perfrun.perfcollector <> - event: 0: CPU_CLK_UNHALTED.THREAD
299 [125531483793088] INFO perfrun.perfcollector <> - cccr: addr: ffffffff, value: 0
299 [125531483793088] INFO perfrun.perfcollector <> - data: addr: 30a, value: ffffffffffd9da60
299 [125531483793088] INFO perfrun.perfcollector <> - pebs_enable: 700000001
299 [125531483793088] INFO perfrun.perfcollector <> - pmu config: cpu_atom
299 [125531483793088] INFO perfrun.perfcollector <> - config: cmask: 0
299 [125531483793088] INFO perfrun.perfcollector <> - config: edge: 0
299 [125531483793088] INFO perfrun.perfcollector <> - config: event: 3c
299 [125531483793088] INFO perfrun.perfcollector <> - config: inv: 0
299 [125531483793088] INFO perfrun.perfcollector <> - config1: ldlat: 0
299 [125531483793088] INFO perfrun.perfcollector <> - config1: offcore_rsp: 0
299 [125531483793088] INFO perfrun.perfcollector <> - config: pc: 0
299 [125531483793088] INFO perfrun.perfcollector <> - config: umask: 0
299 [125531483793088] INFO perfrun.perfcollector <> - format: cpu_atom/event=0x3c,name='CPU_CLK_UNHALTED.THREAD[ATOM]'/D
299 [125531483793088] INFO perfrun.perfcollector <> - precise event: extended pebs bit is enabled
299 [125531483793088] INFO perfrun.perfcollector <> - event: 1: CPU_CLK_UNHALTED.REF_TSC
299 [125531483793088] INFO perfrun.perfcollector <> - cccr: addr: ffffffff, value: 0
299 [125531483793088] INFO perfrun.perfcollector <> - data: addr: 30b, value: ffffffffffd9da60
299 [125531483793088] INFO perfrun.perfcollector <> - pebs_enable: 700000001
299 [125531483793088] INFO perfrun.perfcollector <> - pmu config: cpu_atom
299 [125531483793088] INFO perfrun.perfcollector <> - config: cmask: 0
299 [125531483793088] INFO perfrun.perfcollector <> - config: edge: 0
299 [125531483793088] INFO perfrun.perfcollector <> - config: event: 0
299 [125531483793088] INFO perfrun.perfcollector <> - config: inv: 0
299 [125531483793088] INFO perfrun.perfcollector <> - config1: ldlat: 0
299 [125531483793088] INFO perfrun.perfcollector <> - config1: offcore_rsp: 0
299 [125531483793088] INFO perfrun.perfcollector <> - config: pc: 0
299 [125531483793088] INFO perfrun.perfcollector <> - config: umask: 3
299 [125531483793088] INFO perfrun.perfcollector <> - format: cpu_atom/umask=0x3,name='CPU_CLK_UNHALTED.REF_TSC[ATOM]'/D
299 [125531483793088] INFO perfrun.perfcollector <> - precise event: extended pebs bit is enabled
299 [125531483793088] INFO perfrun.perfcollector <> - event: 2: INST_RETIRED.ANY
299 [125531483793088] INFO perfrun.perfcollector <> - cccr: addr: ffffffff, value: 0
299 [125531483793088] INFO perfrun.perfcollector <> - data: addr: 309, value: ffffffffffd9da60
299 [125531483793088] INFO perfrun.perfcollector <> - pebs_enable: 700000001
299 [125531483793088] INFO perfrun.perfcollector <> - pmu config: cpu_atom
299 [125531483793088] INFO perfrun.perfcollector <> - config: cmask: 0
299 [125531483793088] INFO perfrun.perfcollector <> - config: edge: 0
299 [125531483793088] INFO perfrun.perfcollector <> - config: event: c0
299 [125531483793088] INFO perfrun.perfcollector <> - config: inv: 0
299 [125531483793088] INFO perfrun.perfcollector <> - config1: ldlat: 0
299 [125531483793088] INFO perfrun.perfcollector <> - config1: offcore_rsp: 0
299 [125531483793088] INFO perfrun.perfcollector <> - config: pc: 0
299 [125531483793088] INFO perfrun.perfcollector <> - config: umask: 0
299 [125531483793088] INFO perfrun.perfcollector <> - format: cpu_atom/event=0xc0,name='INST_RETIRED.ANY[ATOM]'/D
299 [125531483793088] INFO perfrun.perfcollector <> - precise event: extended pebs bit is enabled
299 [125531483793088] INFO perfrun.perfcollector <> - event: 16: TOPDOWN_RETIRING.ALL
299 [125531483793088] INFO perfrun.perfcollector <> - cccr: addr: 186, value: 4300c2
299 [125531483793088] INFO perfrun.perfcollector <> - data: addr: c1, value: ffffffffffe17b7d
299 [125531483793088] INFO perfrun.perfcollector <> - pebs_enable: 700000001
299 [125531483793088] INFO perfrun.perfcollector <> - pmu config: cpu_atom
299 [125531483793088] INFO perfrun.perfcollector <> - config: cmask: 0
299 [125531483793088] INFO perfrun.perfcollector <> - config: edge: 0
299 [125531483793088] INFO perfrun.perfcollector <> - config: event: c2
299 [125531483793088] INFO perfrun.perfcollector <> - config: inv: 0
299 [125531483793088] INFO perfrun.perfcollector <> - config1: ldlat: 0
299 [125531483793088] INFO perfrun.perfcollector <> - config1: offcore_rsp: 0
299 [125531483793088] INFO perfrun.perfcollector <> - config: pc: 0
299 [125531483793088] INFO perfrun.perfcollector <> - config: umask: 0
299 [125531483793088] INFO perfrun.perfcollector <> - format: cpu_atom/event=0xc2,name='TOPDOWN_RETIRING.ALL[ATOM]'/
299 [125531483793088] INFO perfrun.perfcollector <> - precise event: event selector has no imprecise bit
299 [125531483793088] INFO perfrun.perfcollector <> - event: 0: CPU_CLK_UNHALTED.THREAD
299 [125531483793088] INFO perfrun.perfcollector <> - cccr: addr: ffffffff, value: 0
299 [125531483793088] INFO perfrun.perfcollector <> - data: addr: 30a, value: ffffffffffd9da60
299 [125531483793088] INFO perfrun.perfcollector <> - pebs_enable: f00000007
299 [125531483793088] INFO perfrun.perfcollector <> - pmu config: cpu_core
299 [125531483793088] INFO perfrun.perfcollector <> - config: cmask: 0
299 [125531483793088] INFO perfrun.perfcollector <> - config: edge: 0
299 [125531483793088] INFO perfrun.perfcollector <> - config: event: 3c
299 [125531483793088] INFO perfrun.perfcollector <> - config1: frontend: 0
299 [125531483793088] INFO perfrun.perfcollector <> - config: inv: 0
299 [125531483793088] INFO perfrun.perfcollector <> - config1: ldlat: 0
299 [125531483793088] INFO perfrun.perfcollector <> - config1: offcore_rsp: 0
299 [125531483793088] INFO perfrun.perfcollector <> - config: pc: 0
299 [125531483793088] INFO perfrun.perfcollector <> - config: umask: 0
299 [125531483793088] INFO perfrun.perfcollector <> - format: cpu_core/event=0x3c,name='CPU_CLK_UNHALTED.THREAD[CORE]'/D
299 [125531483793088] INFO perfrun.perfcollector <> - precise event: extended pebs bit is enabled
299 [125531483793088] INFO perfrun.perfcollector <> - event: 1: CPU_CLK_UNHALTED.REF_TSC
299 [125531483793088] INFO perfrun.perfcollector <> - cccr: addr: ffffffff, value: 0
299 [125531483793088] INFO perfrun.perfcollector <> - data: addr: 30b, value: ffffffffffd9da60
299 [125531483793088] INFO perfrun.perfcollector <> - pebs_enable: f00000007
299 [125531483793088] INFO perfrun.perfcollector <> - pmu config: cpu_core
299 [125531483793088] INFO perfrun.perfcollector <> - config: cmask: 0
299 [125531483793088] INFO perfrun.perfcollector <> - config: edge: 0
299 [125531483793088] INFO perfrun.perfcollector <> - config: event: 0
299 [125531483793088] INFO perfrun.perfcollector <> - config1: frontend: 0
299 [125531483793088] INFO perfrun.perfcollector <> - config: inv: 0
299 [125531483793088] INFO perfrun.perfcollector <> - config1: ldlat: 0
299 [125531483793088] INFO perfrun.perfcollector <> - config1: offcore_rsp: 0
299 [125531483793088] INFO perfrun.perfcollector <> - config: pc: 0
299 [125531483793088] INFO perfrun.perfcollector <> - config: umask: 3
299 [125531483793088] INFO perfrun.perfcollector <> - format: cpu_core/umask=0x3,name='CPU_CLK_UNHALTED.REF_TSC[CORE]'/D
299 [125531483793088] INFO perfrun.perfcollector <> - precise event: extended pebs bit is enabled
299 [125531483793088] INFO perfrun.perfcollector <> - event: 2: INST_RETIRED.ANY
299 [125531483793088] INFO perfrun.perfcollector <> - cccr: addr: ffffffff, value: 0
299 [125531483793088] INFO perfrun.perfcollector <> - data: addr: 309, value: ffffffffffd9da60
299 [125531483793088] INFO perfrun.perfcollector <> - pebs_enable: f00000007
299 [125531483793088] INFO perfrun.perfcollector <> - pmu config: cpu_core
299 [125531483793088] INFO perfrun.perfcollector <> - config: cmask: 0
299 [125531483793088] INFO perfrun.perfcollector <> - config: edge: 0
299 [125531483793088] INFO perfrun.perfcollector <> - config: event: c0
299 [125531483793088] INFO perfrun.perfcollector <> - config1: frontend: 0
299 [125531483793088] INFO perfrun.perfcollector <> - config: inv: 0
299 [125531483793088] INFO perfrun.perfcollector <> - config1: ldlat: 0
299 [125531483793088] INFO perfrun.perfcollector <> - config1: offcore_rsp: 0
299 [125531483793088] INFO perfrun.perfcollector <> - config: pc: 0
299 [125531483793088] INFO perfrun.perfcollector <> - config: umask: 0
299 [125531483793088] INFO perfrun.perfcollector <> - format: cpu_core/event=0xc0,name='INST_RETIRED.ANY[CORE]'/D
299 [125531483793088] INFO perfrun.perfcollector <> - pdist event: pmu is cpu_core, event is fixed0
299 [125531483793088] INFO perfrun.perfcollector <> - event: 3: CPU_CLK_UNHALTED.DISTRIBUTED
299 [125531483793088] INFO perfrun.perfcollector <> - cccr: addr: 186, value: 4302ec
299 [125531483793088] INFO perfrun.perfcollector <> - data: addr: c1, value: ffffffffffd9da60
299 [125531483793088] INFO perfrun.perfcollector <> - pebs_enable: f000000ff
299 [125531483793088] INFO perfrun.perfcollector <> - pmu config: cpu_core
299 [125531483793088] INFO perfrun.perfcollector <> - config: cmask: 0
299 [125531483793088] INFO perfrun.perfcollector <> - config: edge: 0
299 [125531483793088] INFO perfrun.perfcollector <> - config: event: ec
299 [125531483793088] INFO perfrun.perfcollector <> - config1: frontend: 0
299 [125531483793088] INFO perfrun.perfcollector <> - config: inv: 0
299 [125531483793088] INFO perfrun.perfcollector <> - config1: ldlat: 0
299 [125531483793088] INFO perfrun.perfcollector <> - config1: offcore_rsp: 0
299 [125531483793088] INFO perfrun.perfcollector <> - config: pc: 0
299 [125531483793088] INFO perfrun.perfcollector <> - config: umask: 2
299 [125531483793088] INFO perfrun.perfcollector <> - format: cpu_core/event=0xec,umask=0x2,name='CPU_CLK_UNHALTED.DISTRIBUTED[CORE]'/
299 [125531483793088] INFO perfrun.perfcollector <> - precise event: event selector has no imprecise bit
299 [125531483793088] INFO perfrun.perfcollector <> - event: 4: FP_ARITH_INST_RETIRED.SCALAR_SINGLE
299 [125531483793088] INFO perfrun.perfcollector <> - cccr: addr: 187, value: 4302c7
299 [125531483793088] INFO perfrun.perfcollector <> - data: addr: c2, value: ffffffffffe17b7d
299 [125531483793088] INFO perfrun.perfcollector <> - pebs_enable: f000000ff
299 [125531483793088] INFO perfrun.perfcollector <> - pmu config: cpu_core
299 [125531483793088] INFO perfrun.perfcollector <> - config: cmask: 0
299 [125531483793088] INFO perfrun.perfcollector <> - config: edge: 0
299 [125531483793088] INFO perfrun.perfcollector <> - config: event: c7
299 [125531483793088] INFO perfrun.perfcollector <> - config1: frontend: 0
299 [125531483793088] INFO perfrun.perfcollector <> - config: inv: 0
299 [125531483793088] INFO perfrun.perfcollector <> - config1: ldlat: 0
299 [125531483793088] INFO perfrun.perfcollector <> - config1: offcore_rsp: 0
299 [125531483793088] INFO perfrun.perfcollector <> - config: pc: 0
299 [125531483793088] INFO perfrun.perfcollector <> - config: umask: 2
299 [125531483793088] INFO perfrun.perfcollector <> - format: cpu_core/event=0xc7,umask=0x2,name='FP_ARITH_INST_RETIRED.SCALAR_SINGLE[CORE]'/
299 [125531483793088] INFO perfrun.perfcollector <> - precise event: event selector has no imprecise bit
299 [125531483793088] INFO perfrun.perfcollector <> - event: 5: FP_ARITH_INST_RETIRED.128B_PACKED_SINGLE
299 [125531483793088] INFO perfrun.perfcollector <> - cccr: addr: 188, value: 4308c7
299 [125531483793088] INFO perfrun.perfcollector <> - data: addr: c3, value: ffffffffffe17b7d
299 [125531483793088] INFO perfrun.perfcollector <> - pebs_enable: f000000ff
299 [125531483793088] INFO perfrun.perfcollector <> - pmu config: cpu_core
299 [125531483793088] INFO perfrun.perfcollector <> - config: cmask: 0
299 [125531483793088] INFO perfrun.perfcollector <> - config: edge: 0
299 [125531483793088] INFO perfrun.perfcollector <> - config: event: c7
299 [125531483793088] INFO perfrun.perfcollector <> - config1: frontend: 0
299 [125531483793088] INFO perfrun.perfcollector <> - config: inv: 0
299 [125531483793088] INFO perfrun.perfcollector <> - config1: ldlat: 0
299 [125531483793088] INFO perfrun.perfcollector <> - config1: offcore_rsp: 0
299 [125531483793088] INFO perfrun.perfcollector <> - config: pc: 0
299 [125531483793088] INFO perfrun.perfcollector <> - config: umask: 8
299 [125531483793088] INFO perfrun.perfcollector <> - format: cpu_core/event=0xc7,umask=0x8,name='FP_ARITH_INST_RETIRED.128B_PACKED_SINGLE[CORE]'/
299 [125531483793088] INFO perfrun.perfcollector <> - precise event: event selector has no imprecise bit
299 [125531483793088] INFO perfrun.perfcollector <> - event: 6: FP_ARITH_INST_RETIRED.256B_PACKED_SINGLE
299 [125531483793088] INFO perfrun.perfcollector <> - cccr: addr: 189, value: 4320c7
299 [125531483793088] INFO perfrun.perfcollector <> - data: addr: c4, value: ffffffffffe17b7d
299 [125531483793088] INFO perfrun.perfcollector <> - pebs_enable: f000000ff
299 [125531483793088] INFO perfrun.perfcollector <> - pmu config: cpu_core
299 [125531483793088] INFO perfrun.perfcollector <> - config: cmask: 0
299 [125531483793088] INFO perfrun.perfcollector <> - config: edge: 0
299 [125531483793088] INFO perfrun.perfcollector <> - config: event: c7
299 [125531483793088] INFO perfrun.perfcollector <> - config1: frontend: 0
299 [125531483793088] INFO perfrun.perfcollector <> - config: inv: 0
299 [125531483793088] INFO perfrun.perfcollector <> - config1: ldlat: 0
299 [125531483793088] INFO perfrun.perfcollector <> - config1: offcore_rsp: 0
299 [125531483793088] INFO perfrun.perfcollector <> - config: pc: 0
299 [125531483793088] INFO perfrun.perfcollector <> - config: umask: 20
299 [125531483793088] INFO perfrun.perfcollector <> - format: cpu_core/event=0xc7,umask=0x20,name='FP_ARITH_INST_RETIRED.256B_PACKED_SINGLE[CORE]'/
299 [125531483793088] INFO perfrun.perfcollector <> - precise event: event selector has no imprecise bit
299 [125531483793088] INFO perfrun.perfcollector <> - event: 7: FP_ARITH_INST_RETIRED.SCALAR_DOUBLE
299 [125531483793088] INFO perfrun.perfcollector <> - cccr: addr: 18a, value: 4301c7
299 [125531483793088] INFO perfrun.perfcollector <> - data: addr: c5, value: ffffffffffe17b7d
299 [125531483793088] INFO perfrun.perfcollector <> - pebs_enable: f000000ff
299 [125531483793088] INFO perfrun.perfcollector <> - pmu config: cpu_core
299 [125531483793088] INFO perfrun.perfcollector <> - config: cmask: 0
299 [125531483793088] INFO perfrun.perfcollector <> - config: edge: 0
299 [125531483793088] INFO perfrun.perfcollector <> - config: event: c7
299 [125531483793088] INFO perfrun.perfcollector <> - config1: frontend: 0
299 [125531483793088] INFO perfrun.perfcollector <> - config: inv: 0
299 [125531483793088] INFO perfrun.perfcollector <> - config1: ldlat: 0
299 [125531483793088] INFO perfrun.perfcollector <> - config1: offcore_rsp: 0
299 [125531483793088] INFO perfrun.perfcollector <> - config: pc: 0
299 [125531483793088] INFO perfrun.perfcollector <> - config: umask: 1
299 [125531483793088] INFO perfrun.perfcollector <> - format: cpu_core/event=0xc7,umask=0x1,name='FP_ARITH_INST_RETIRED.SCALAR_DOUBLE[CORE]'/
299 [125531483793088] INFO perfrun.perfcollector <> - precise event: event selector has no imprecise bit
299 [125531483793088] INFO perfrun.perfcollector <> - event: 8: FP_ARITH_INST_RETIRED.128B_PACKED_DOUBLE
299 [125531483793088] INFO perfrun.perfcollector <> - cccr: addr: 18b, value: 4304c7
299 [125531483793088] INFO perfrun.perfcollector <> - data: addr: c6, value: ffffffffffe17b7d
299 [125531483793088] INFO perfrun.perfcollector <> - pebs_enable: f000000ff
299 [125531483793088] INFO perfrun.perfcollector <> - pmu config: cpu_core
299 [125531483793088] INFO perfrun.perfcollector <> - config: cmask: 0
299 [125531483793088] INFO perfrun.perfcollector <> - config: edge: 0
299 [125531483793088] INFO perfrun.perfcollector <> - config: event: c7
299 [125531483793088] INFO perfrun.perfcollector <> - config1: frontend: 0
299 [125531483793088] INFO perfrun.perfcollector <> - config: inv: 0
299 [125531483793088] INFO perfrun.perfcollector <> - config1: ldlat: 0
299 [125531483793088] INFO perfrun.perfcollector <> - config1: offcore_rsp: 0
299 [125531483793088] INFO perfrun.perfcollector <> - config: pc: 0
299 [125531483793088] INFO perfrun.perfcollector <> - config: umask: 4
299 [125531483793088] INFO perfrun.perfcollector <> - format: cpu_core/event=0xc7,umask=0x4,name='FP_ARITH_INST_RETIRED.128B_PACKED_DOUBLE[CORE]'/
299 [125531483793088] INFO perfrun.perfcollector <> - precise event: event selector has no imprecise bit
300 [125531483793088] INFO perfrun.perfcollector <> - event: 9: FP_ARITH_INST_RETIRED.256B_PACKED_DOUBLE
300 [125531483793088] INFO perfrun.perfcollector <> - cccr: addr: 18c, value: 4310c7
300 [125531483793088] INFO perfrun.perfcollector <> - data: addr: c7, value: ffffffffffe17b7d
300 [125531483793088] INFO perfrun.perfcollector <> - pebs_enable: f000000ff
300 [125531483793088] INFO perfrun.perfcollector <> - pmu config: cpu_core
300 [125531483793088] INFO perfrun.perfcollector <> - config: cmask: 0
300 [125531483793088] INFO perfrun.perfcollector <> - config: edge: 0
300 [125531483793088] INFO perfrun.perfcollector <> - config: event: c7
300 [125531483793088] INFO perfrun.perfcollector <> - config1: frontend: 0
300 [125531483793088] INFO perfrun.perfcollector <> - config: inv: 0
300 [125531483793088] INFO perfrun.perfcollector <> - config1: ldlat: 0
300 [125531483793088] INFO perfrun.perfcollector <> - config1: offcore_rsp: 0
300 [125531483793088] INFO perfrun.perfcollector <> - config: pc: 0
300 [125531483793088] INFO perfrun.perfcollector <> - config: umask: 10
300 [125531483793088] INFO perfrun.perfcollector <> - format: cpu_core/event=0xc7,umask=0x10,name='FP_ARITH_INST_RETIRED.256B_PACKED_DOUBLE[CORE]'/
300 [125531483793088] INFO perfrun.perfcollector <> - precise event: event selector has no imprecise bit
300 [125531483793088] INFO perfrun.perfcollector <> - event: 10: UOPS_EXECUTED.X87
300 [125531483793088] INFO perfrun.perfcollector <> - cccr: addr: 18d, value: 4310b1
300 [125531483793088] INFO perfrun.perfcollector <> - data: addr: c8, value: ffffffffffe17b7d
300 [125531483793088] INFO perfrun.perfcollector <> - pebs_enable: f000000ff
300 [125531483793088] INFO perfrun.perfcollector <> - pmu config: cpu_core
300 [125531483793088] INFO perfrun.perfcollector <> - config: cmask: 0
300 [125531483793088] INFO perfrun.perfcollector <> - config: edge: 0
300 [125531483793088] INFO perfrun.perfcollector <> - config: event: b1
300 [125531483793088] INFO perfrun.perfcollector <> - config1: frontend: 0
300 [125531483793088] INFO perfrun.perfcollector <> - config: inv: 0
300 [125531483793088] INFO perfrun.perfcollector <> - config1: ldlat: 0
300 [125531483793088] INFO perfrun.perfcollector <> - config1: offcore_rsp: 0
300 [125531483793088] INFO perfrun.perfcollector <> - config: pc: 0
300 [125531483793088] INFO perfrun.perfcollector <> - config: umask: 10
300 [125531483793088] INFO perfrun.perfcollector <> - format: cpu_core/event=0xb1,umask=0x10,name='UOPS_EXECUTED.X87[CORE]'/
300 [125531483793088] INFO perfrun.perfcollector <> - precise event: event selector has no imprecise bit
300 [125531483793088] INFO perfrun.perfcollector <> - event: 11: UOPS_RETIRED.SLOTS
300 [125531483793088] INFO perfrun.perfcollector <> - cccr: addr: 186, value: 4302c2
300 [125531483793088] INFO perfrun.perfcollector <> - data: addr: c1, value: ffffffffffe17b7d
300 [125531483793088] INFO perfrun.perfcollector <> - pebs_enable: f00000007
300 [125531483793088] INFO perfrun.perfcollector <> - pmu config: cpu_core
300 [125531483793088] INFO perfrun.perfcollector <> - config: cmask: 0
300 [125531483793088] INFO perfrun.perfcollector <> - config: edge: 0
300 [125531483793088] INFO perfrun.perfcollector <> - config: event: c2
300 [125531483793088] INFO perfrun.perfcollector <> - config1: frontend: 0
300 [125531483793088] INFO perfrun.perfcollector <> - config: inv: 0
300 [125531483793088] INFO perfrun.perfcollector <> - config1: ldlat: 0
300 [125531483793088] INFO perfrun.perfcollector <> - config1: offcore_rsp: 0
300 [125531483793088] INFO perfrun.perfcollector <> - config: pc: 0
300 [125531483793088] INFO perfrun.perfcollector <> - config: umask: 2
300 [125531483793088] INFO perfrun.perfcollector <> - format: cpu_core/event=0xc2,umask=0x2,name='UOPS_RETIRED.SLOTS[CORE]'/
300 [125531483793088] INFO perfrun.perfcollector <> - precise event: event selector has no imprecise bit
300 [125531483793088] INFO perfrun.perfcollector <> - event: 12: UOPS_EXECUTED.THREAD
300 [125531483793088] INFO perfrun.perfcollector <> - cccr: addr: 187, value: 4301b1
300 [125531483793088] INFO perfrun.perfcollector <> - data: addr: c2, value: ffffffffffe17b7d
300 [125531483793088] INFO perfrun.perfcollector <> - pebs_enable: f00000007
300 [125531483793088] INFO perfrun.perfcollector <> - pmu config: cpu_core
300 [125531483793088] INFO perfrun.perfcollector <> - config: cmask: 0
300 [125531483793088] INFO perfrun.perfcollector <> - config: edge: 0
300 [125531483793088] INFO perfrun.perfcollector <> - config: event: b1
300 [125531483793088] INFO perfrun.perfcollector <> - config1: frontend: 0
300 [125531483793088] INFO perfrun.perfcollector <> - config: inv: 0
300 [125531483793088] INFO perfrun.perfcollector <> - config1: ldlat: 0
300 [125531483793088] INFO perfrun.perfcollector <> - config1: offcore_rsp: 0
300 [125531483793088] INFO perfrun.perfcollector <> - config: pc: 0
300 [125531483793088] INFO perfrun.perfcollector <> - config: umask: 1
300 [125531483793088] INFO perfrun.perfcollector <> - format: cpu_core/event=0xb1,umask=0x1,name='UOPS_EXECUTED.THREAD[CORE]'/
300 [125531483793088] INFO perfrun.perfcollector <> - precise event: event selector has no imprecise bit
300 [125531483793088] INFO perfrun.perfcollector <> - event: 13: TOPDOWN.SLOTS
300 [125531483793088] INFO perfrun.perfcollector <> - cccr: addr: ffffffff, value: 0
300 [125531483793088] INFO perfrun.perfcollector <> - data: addr: 30c, value: ffffffffffe17b7d
300 [125531483793088] INFO perfrun.perfcollector <> - pebs_enable: f00000007
300 [125531483793088] INFO perfrun.perfcollector <> - pmu config: cpu_core
300 [125531483793088] INFO perfrun.perfcollector <> - config: cmask: 0
300 [125531483793088] INFO perfrun.perfcollector <> - config: edge: 0
300 [125531483793088] INFO perfrun.perfcollector <> - config: event: 0
300 [125531483793088] INFO perfrun.perfcollector <> - config1: frontend: 0
300 [125531483793088] INFO perfrun.perfcollector <> - config: inv: 0
300 [125531483793088] INFO perfrun.perfcollector <> - config1: ldlat: 0
300 [125531483793088] INFO perfrun.perfcollector <> - config1: offcore_rsp: 0
300 [125531483793088] INFO perfrun.perfcollector <> - config: pc: 0
300 [125531483793088] INFO perfrun.perfcollector <> - config: umask: 4
300 [125531483793088] INFO perfrun.perfcollector <> - format: cpu_core/umask=0x4,name='TOPDOWN.SLOTS[CORE]'/D
300 [125531483793088] INFO perfrun.perfcollector <> - precise event: extended pebs bit is enabled
300 [125531483793088] INFO perfrun.perfcollector <> - event: 14: TOPDOWN.SLOTS_P
300 [125531483793088] INFO perfrun.perfcollector <> - cccr: addr: 188, value: 4301a4
300 [125531483793088] INFO perfrun.perfcollector <> - data: addr: c3, value: ffffffffffe17b7d
300 [125531483793088] INFO perfrun.perfcollector <> - pebs_enable: f00000007
300 [125531483793088] INFO perfrun.perfcollector <> - pmu config: cpu_core
300 [125531483793088] INFO perfrun.perfcollector <> - config: cmask: 0
300 [125531483793088] INFO perfrun.perfcollector <> - config: edge: 0
300 [125531483793088] INFO perfrun.perfcollector <> - config: event: a4
300 [125531483793088] INFO perfrun.perfcollector <> - config1: frontend: 0
300 [125531483793088] INFO perfrun.perfcollector <> - config: inv: 0
300 [125531483793088] INFO perfrun.perfcollector <> - config1: ldlat: 0
300 [125531483793088] INFO perfrun.perfcollector <> - config1: offcore_rsp: 0
300 [125531483793088] INFO perfrun.perfcollector <> - config: pc: 0
300 [125531483793088] INFO perfrun.perfcollector <> - config: umask: 1
300 [125531483793088] INFO perfrun.perfcollector <> - format: cpu_core/event=0xa4,umask=0x1,name='TOPDOWN.SLOTS_P[CORE]'/
300 [125531483793088] INFO perfrun.perfcollector <> - precise event: event selector has no imprecise bit
300 [125531483793088] INFO perfrun.perfcollector <> - event: cpu_atom/event=0x3c,name='CPU_CLK_UNHALTED.THREAD[ATOM]'/Duk, added for counting
300 [125531483793088] INFO perfrun.perfcollector <> - event: cpu_atom/umask=0x3,name='CPU_CLK_UNHALTED.REF_TSC[ATOM]'/Duk, added for counting
300 [125531483793088] INFO perfrun.perfcollector <> - event: cpu_atom/event=0xc0,name='INST_RETIRED.ANY[ATOM]'/Duk, added for counting
300 [125531483793088] INFO perfrun.perfcollector <> - event: cpu_atom/event=0xc2,name='TOPDOWN_RETIRING.ALL[ATOM]'/uk, added for counting
300 [125531483793088] INFO perfrun.perfcollector <> - event: cpu_core/event=0x3c,name='CPU_CLK_UNHALTED.THREAD[CORE]'/Duk, added for counting
300 [125531483793088] INFO perfrun.perfcollector <> - event: cpu_core/umask=0x3,name='CPU_CLK_UNHALTED.REF_TSC[CORE]'/Duk, added for counting
300 [125531483793088] INFO perfrun.perfcollector <> - event: cpu_core/event=0xc0,name='INST_RETIRED.ANY[CORE]'/Duk, added for counting
300 [125531483793088] INFO perfrun.perfcollector <> - event: cpu_core/event=0xec,umask=0x2,name='CPU_CLK_UNHALTED.DISTRIBUTED[CORE]'/uk, added for counting
300 [125531483793088] INFO perfrun.perfcollector <> - event: cpu_core/event=0xc7,umask=0x2,name='FP_ARITH_INST_RETIRED.SCALAR_SINGLE[CORE]'/uk, added for counting
300 [125531483793088] INFO perfrun.perfcollector <> - event: cpu_core/event=0xc7,umask=0x8,name='FP_ARITH_INST_RETIRED.128B_PACKED_SINGLE[CORE]'/uk, added for counting
300 [125531483793088] INFO perfrun.perfcollector <> - event: cpu_core/event=0xc7,umask=0x20,name='FP_ARITH_INST_RETIRED.256B_PACKED_SINGLE[CORE]'/uk, added for counting
300 [125531483793088] INFO perfrun.perfcollector <> - event: cpu_core/event=0xc7,umask=0x1,name='FP_ARITH_INST_RETIRED.SCALAR_DOUBLE[CORE]'/uk, added for counting
300 [125531483793088] INFO perfrun.perfcollector <> - event: cpu_core/event=0xc7,umask=0x4,name='FP_ARITH_INST_RETIRED.128B_PACKED_DOUBLE[CORE]'/uk, added for counting
300 [125531483793088] INFO perfrun.perfcollector <> - event: cpu_core/event=0xc7,umask=0x10,name='FP_ARITH_INST_RETIRED.256B_PACKED_DOUBLE[CORE]'/uk, added for counting
300 [125531483793088] INFO perfrun.perfcollector <> - event: cpu_core/event=0xb1,umask=0x10,name='UOPS_EXECUTED.X87[CORE]'/uk, added for counting
300 [125531483793088] INFO perfrun.perfcollector <> - event: cpu_core/event=0xc2,umask=0x2,name='UOPS_RETIRED.SLOTS[CORE]'/uk, added for counting
300 [125531483793088] INFO perfrun.perfcollector <> - event: cpu_core/event=0xb1,umask=0x1,name='UOPS_EXECUTED.THREAD[CORE]'/uk, added for counting
300 [125531483793088] INFO perfrun.perfcollector <> - event: cpu_core/umask=0x4,name='TOPDOWN.SLOTS[CORE]'/Duk, added for counting
300 [125531483793088] INFO perfrun.perfcollector <> - event: cpu_core/event=0xa4,umask=0x1,name='TOPDOWN.SLOTS_P[CORE]'/uk, added for counting
300 [125531483793088] INFO perfrun.perfcollector <> - attaching to pid: 4294967295, m_mode: 10, mode: 3
300 [125531475400384] INFO perfrun.perfcollector <> - Perf stat trace pipe capacity: read = 1048576, write = 1048576
300 [125531467007680] INFO perfrun.sdk <> - Reading value (0-15) from file: /sys/devices/system/cpu/cpu0/topology/core_siblings_list
300 [125531467007680] INFO perfrun.sdk <> - Reading value (0-1) from file: /sys/devices/system/cpu/cpu0/topology/thread_siblings_list
300 [125531467007680] INFO perfrun.sdk <> - Reading value (0-15) from file: /sys/devices/system/cpu/cpu1/topology/core_siblings_list
300 [125531467007680] INFO perfrun.sdk <> - Reading value (0-1) from file: /sys/devices/system/cpu/cpu1/topology/thread_siblings_list
300 [125531467007680] INFO perfrun.sdk <> - Reading value (0-15) from file: /sys/devices/system/cpu/cpu2/topology/core_siblings_list
300 [125531467007680] INFO perfrun.sdk <> - Reading value (2-3) from file: /sys/devices/system/cpu/cpu2/topology/thread_siblings_list
300 [125531467007680] INFO perfrun.sdk <> - Reading value (0-15) from file: /sys/devices/system/cpu/cpu3/topology/core_siblings_list
300 [125531467007680] INFO perfrun.sdk <> - Reading value (2-3) from file: /sys/devices/system/cpu/cpu3/topology/thread_siblings_list
300 [125531467007680] INFO perfrun.sdk <> - Reading value (0-15) from file: /sys/devices/system/cpu/cpu4/topology/core_siblings_list
300 [125531467007680] INFO perfrun.sdk <> - Reading value (4-5) from file: /sys/devices/system/cpu/cpu4/topology/thread_siblings_list
300 [125531467007680] INFO perfrun.sdk <> - Reading value (0-15) from file: /sys/devices/system/cpu/cpu5/topology/core_siblings_list
300 [125531467007680] INFO perfrun.sdk <> - Reading value (4-5) from file: /sys/devices/system/cpu/cpu5/topology/thread_siblings_list
300 [125531467007680] INFO perfrun.sdk <> - Reading value (0-15) from file: /sys/devices/system/cpu/cpu6/topology/core_siblings_list
300 [125531467007680] INFO perfrun.sdk <> - Reading value (6-7) from file: /sys/devices/system/cpu/cpu6/topology/thread_siblings_list
300 [125531467007680] INFO perfrun.sdk <> - Reading value (0-15) from file: /sys/devices/system/cpu/cpu7/topology/core_siblings_list
300 [125531467007680] INFO perfrun.sdk <> - Reading value (6-7) from file: /sys/devices/system/cpu/cpu7/topology/thread_siblings_list
300 [125531467007680] INFO perfrun.sdk <> - Reading value (0-15) from file: /sys/devices/system/cpu/cpu8/topology/core_siblings_list
300 [125531467007680] INFO perfrun.sdk <> - Reading value (8) from file: /sys/devices/system/cpu/cpu8/topology/thread_siblings_list
300 [125531467007680] INFO perfrun.sdk <> - Reading value (0-15) from file: /sys/devices/system/cpu/cpu9/topology/core_siblings_list
300 [125531467007680] INFO perfrun.sdk <> - Reading value (9) from file: /sys/devices/system/cpu/cpu9/topology/thread_siblings_list
300 [125531467007680] INFO perfrun.sdk <> - Reading value (0-15) from file: /sys/devices/system/cpu/cpu10/topology/core_siblings_list
300 [125531467007680] INFO perfrun.sdk <> - Reading value (10) from file: /sys/devices/system/cpu/cpu10/topology/thread_siblings_list
300 [125531467007680] INFO perfrun.sdk <> - Reading value (0-15) from file: /sys/devices/system/cpu/cpu11/topology/core_siblings_list
300 [125531467007680] INFO perfrun.sdk <> - Reading value (11) from file: /sys/devices/system/cpu/cpu11/topology/thread_siblings_list
300 [125531467007680] INFO perfrun.sdk <> - Reading value (0-15) from file: /sys/devices/system/cpu/cpu12/topology/core_siblings_list
300 [125531467007680] INFO perfrun.sdk <> - Reading value (12) from file: /sys/devices/system/cpu/cpu12/topology/thread_siblings_list
300 [125531467007680] INFO perfrun.sdk <> - Reading value (0-15) from file: /sys/devices/system/cpu/cpu13/topology/core_siblings_list
300 [125531467007680] INFO perfrun.sdk <> - Reading value (13) from file: /sys/devices/system/cpu/cpu13/topology/thread_siblings_list
301 [125531467007680] INFO perfrun.sdk <> - Reading value (0-15) from file: /sys/devices/system/cpu/cpu14/topology/core_siblings_list
301 [125531467007680] INFO perfrun.sdk <> - Reading value (14) from file: /sys/devices/system/cpu/cpu14/topology/thread_siblings_list
301 [125531467007680] INFO perfrun.sdk <> - Reading value (0-15) from file: /sys/devices/system/cpu/cpu15/topology/core_siblings_list
301 [125531467007680] INFO perfrun.sdk <> - Reading value (15) from file: /sys/devices/system/cpu/cpu15/topology/thread_siblings_list
301 [125531467007680] INFO perfrun.sdk <> - Reading value (0-7) from file: /sys/bus/event_source/devices/cpu_core/cpus
301 [125531467007680] INFO perfrun.sdk <> - Reading value (8-15) from file: /sys/bus/event_source/devices/cpu_atom/cpus
301 [125531475400384] INFO perfrun.sdk <> - runCmd: /opt/intel/oneapi/vtune/2025.8/bin64/amplxe-perf stat -v --log-fd 11 --scale -x ; -e cpu_atom/event=0x3c,name='CPU_CLK_UNHALTED.THREAD[ATOM]'/Duk,cpu_atom/umask=0x3,name='CPU_CLK_UNHALTED.REF_TSC[ATOM]'/Duk,cpu_atom/event=0xc0,name='INST_RETIRED.ANY[ATOM]'/Duk,cpu_atom/event=0xc2,name='TOPDOWN_RETIRING.ALL[ATOM]'/uk,cpu_core/event=0x3c,name='CPU_CLK_UNHALTED.THREAD[CORE]'/Duk,cpu_core/umask=0x3,name='CPU_CLK_UNHALTED.REF_TSC[CORE]'/Duk,cpu_core/event=0xc0,name='INST_RETIRED.ANY[CORE]'/Duk,cpu_core/event=0xec,umask=0x2,name='CPU_CLK_UNHALTED.DISTRIBUTED[CORE]'/uk,cpu_core/event=0xc7,umask=0x2,name='FP_ARITH_INST_RETIRED.SCALAR_SINGLE[CORE]'/uk,cpu_core/event=0xc7,umask=0x8,name='FP_ARITH_INST_RETIRED.128B_PACKED_SINGLE[CORE]'/uk,cpu_core/event=0xc7,umask=0x20,name='FP_ARITH_INST_RETIRED.256B_PACKED_SINGLE[CORE]'/uk,cpu_core/event=0xc7,umask=0x1,name='FP_ARITH_INST_RETIRED.SCALAR_DOUBLE[CORE]'/uk,cpu_core/event=0xc7,umask=0x4,name='FP_ARITH_INST_RETIRED.128B_PACKED_DOUBLE[CORE]'/uk,cpu_core/event=0xc7,umask=0x10,name='FP_ARITH_INST_RETIRED.256B_PACKED_DOUBLE[CORE]'/uk,cpu_core/event=0xb1,umask=0x10,name='UOPS_EXECUTED.X87[CORE]'/uk,cpu_core/event=0xc2,umask=0x2,name='UOPS_RETIRED.SLOTS[CORE]'/uk,cpu_core/event=0xb1,umask=0x1,name='UOPS_EXECUTED.THREAD[CORE]'/uk,cpu_core/umask=0x4,name='TOPDOWN.SLOTS[CORE]'/Duk,cpu_core/event=0xa4,umask=0x1,name='TOPDOWN.SLOTS_P[CORE]'/uk /opt/intel/oneapi/vtune/2025.8/bin64/amplxe-perf-sync dryrun tsc
301 [125531475400384] INFO perfrun.sdk <> - runCmd started PID 2238411
317 [125531475400384] INFO perfrun.perfcollector <> - Monitor: runCmd RC = true
317 [125531483793088] INFO perfrun.launcher <> - plugin [aoclprofile] was disabled because it doesn't support the given collection type.
317 [125531483793088] INFO perfrun.tpss <> - initialize tpss controller
317 [125531483793088] INFO perfrun.tpss <> - configure collection mode: value = cpu:stack
317 [125531483793088] INFO perfrun.tpss <> - default obj-size-min=1024
317 [125531483793088] INFO perfrun.tpss <> - default hash-table-size=0
317 [125531483793088] INFO perfrun.launcher <> - plugin [media] was disabled because it doesn't support the given collection type.
317 [125531483793088] INFO perfrun.launcher <> - plugin [] was disabled because it doesn't support the given collection type.
317 [125531483793088] INFO perfrun.launcher <> - plugin [] was disabled because it doesn't support the given collection type.
317 [125531483793088] INFO perfrun.launcher <> - plugin [parallelfs] was disabled because it doesn't support the given collection type.
317 [125531483793088] INFO perfrun.launcher <> - plugin [power] was disabled because it doesn't support the given collection type.
317 [125531483793088] INFO perfrun.launcher <> - plugin [] was disabled because it doesn't support the given collection type.
317 [125531483793088] INFO perfrun.launcher <> - plugin [] was disabled because it doesn't support the given collection type.
317 [125531483793088] INFO perfrun.launcher <> - plugin [] was disabled because it doesn't support the given collection type.
317 [125531483793088] INFO perfrun.launcher <> - plugin [l0_metrics] was disabled because it doesn't support the given collection type.
317 [125531483793088] INFO perfrun.launcher <> - plugin [stall_reasons] was disabled because it doesn't support the given collection type.
317 [125531643623296] INFO perfrun.launcher <> - set environment variable: LD_LIBRARY_PATH = /opt/intel/oneapi/vtune/2025.8/lib32/runtime:/opt/intel/oneapi/vtune/2025.8/lib64/runtime:/opt/intel/oneapi/tcm/1.4/lib:/opt/intel/oneapi/umf/1.0/lib:/opt/intel/oneapi/tbb/2022.3/env/../lib/intel64/gcc4.8:/opt/intel/oneapi/mpi/2021.17/opt/mpi/libfabric/lib:/opt/intel/oneapi/mpi/2021.17/lib:/opt/intel/oneapi/mkl/2025.3/lib:/opt/intel/oneapi/ishmem/1.5/lib:/opt/intel/oneapi/ippcp/2025.3/lib/:/opt/intel/oneapi/ipp/2022.3/lib:/opt/intel/oneapi/dnnl/2025.3/lib:/opt/intel/oneapi/debugger/2025.3/opt/debugger/lib:/opt/intel/oneapi/dal/2025.10/lib:/opt/intel/oneapi/compiler/2025.3/opt/compiler/lib:/opt/intel/oneapi/compiler/2025.3/lib:/opt/intel/oneapi/ccl/2021.17/lib/:/usr/local/lib:/home/antshiv/Programs/lib::/home/antshiv/Programs/lib
317 [125531643623296] INFO perfrun.launcher <> - set environment variable: INTEL_LIBITTNOTIFY32 = /opt/intel/oneapi/vtune/2025.8/lib32/runtime/libittnotify_collector.so
317 [125531643623296] INFO perfrun.launcher <> - set environment variable: INTEL_LIBITTNOTIFY64 = /opt/intel/oneapi/vtune/2025.8/lib64/runtime/libittnotify_collector.so
318 [125531643623296] INFO perfrun.launcher <> - set environment variable: INTEL_ITTNOTIFY_GROUPS = 
318 [125531643623296] INFO perfrun.launcher <> - set environment variable: INTEL_JIT_PROFILER32 = /opt/intel/oneapi/vtune/2025.8/lib32/runtime/libittnotify_collector.so
318 [125531643623296] INFO perfrun.launcher <> - set environment variable: INTEL_JIT_PROFILER64 = /opt/intel/oneapi/vtune/2025.8/lib64/runtime/libittnotify_collector.so
318 [125531643623296] INFO perfrun.launcher <> - set environment variable: CCL_ITT_LEVEL = 1
318 [125531643623296] INFO perfrun.launcher <> - set environment variable: ENABLE_JITPROFILING = 1
318 [125531643623296] INFO perfrun.launcher <> - set environment variable: CL_CONFIG_USE_VTUNE = True
318 [125531643623296] INFO perfrun.launcher <> - set environment variable: KMP_FORKJOIN_FRAMES = 0
318 [125531643623296] INFO perfrun.launcher <> - set environment variable: KMP_FORKJOIN_FRAMES_MODE = 0
318 [125531643623296] INFO perfrun.launcher <> - set environment variable: INTEL_MRTE_DATA_DIR = /home/antshiv/Workspace/C-Kernel-Engine/version/v7/reports/profile_train_latest/vtune_hotspots/data.0
318 [125531643623296] INFO perfrun.launcher <> - set environment variable: INTEL_MRTE_HOST_NAME = antshiv-ThinkPad-T14-Gen-3
318 [125531643623296] INFO perfrun.launcher <> - set environment variable: JAVA_TOOL_OPTIONS = -agentlib:amplxe_samplingmrte_javaprof_1.0 -Dsun.boot.library.path=/opt/intel/oneapi/vtune/2025.8/lib32/runtime:/opt/intel/oneapi/vtune/2025.8/lib64/runtime
318 [125531643623296] INFO perfrun.launcher <> - set environment variable: LD_LIBRARY_PATH = /opt/intel/oneapi/vtune/2025.8/lib32/runtime:/opt/intel/oneapi/vtune/2025.8/lib64/runtime:/opt/intel/oneapi/tcm/1.4/lib:/opt/intel/oneapi/umf/1.0/lib:/opt/intel/oneapi/tbb/2022.3/env/../lib/intel64/gcc4.8:/opt/intel/oneapi/mpi/2021.17/opt/mpi/libfabric/lib:/opt/intel/oneapi/mpi/2021.17/lib:/opt/intel/oneapi/mkl/2025.3/lib:/opt/intel/oneapi/ishmem/1.5/lib:/opt/intel/oneapi/ippcp/2025.3/lib/:/opt/intel/oneapi/ipp/2022.3/lib:/opt/intel/oneapi/dnnl/2025.3/lib:/opt/intel/oneapi/debugger/2025.3/opt/debugger/lib:/opt/intel/oneapi/dal/2025.10/lib:/opt/intel/oneapi/compiler/2025.3/opt/compiler/lib:/opt/intel/oneapi/compiler/2025.3/lib:/opt/intel/oneapi/ccl/2021.17/lib/:/usr/local/lib:/home/antshiv/Programs/lib::/home/antshiv/Programs/lib
318 [125531643623296] INFO perfrun.launcher <> - set environment variable: CORECLR_ENABLE_PROFILING = 1
318 [125531643623296] INFO perfrun.launcher <> - set environment variable: CORECLR_PROFILER = {AA5E4821-E3B1-479c-B7FF-5AD047D22CED}
318 [125531643623296] INFO perfrun.launcher <> - set environment variable: CORECLR_PROFILER_PATH = /opt/intel/oneapi/vtune/2025.8/lib64/libamplxe_samplingmrte_clrprof_1.0.so
318 [125531643623296] INFO perfrun.launcher <> - set environment variable: INTEL_MRTE_PROFILER_MODE = mixed
318 [125531643623296] INFO perfrun.launcher <> - RpcServer: run RPC server to handle requests
318 [125531643623296] INFO perfrun.launcher <> - Launcher: command line to start before modification = /home/antshiv/Workspace/C-Kernel-Engine/.venv/bin/python /home/antshiv/Workspace/C-Kernel-Engine/version/v7/scripts/train_parity_epochs_v7.py --epochs 3 --seq-len 16 --total-tokens 1024 --grad-accum 8 --optimizer adamw --lr 0.001 --seed 42 --json-out /home/antshiv/Workspace/C-Kernel-Engine/version/v7/reports/train_profile_e3_vtune.json --train-text Hello!
318 [125531643623296] INFO perfrun.launcher <> - Launcher: command line to start after modification = /opt/intel/oneapi/vtune/2025.8/bin64/pin -error_file /home/antshiv/Workspace/C-Kernel-Engine/version/v7/reports/profile_train_latest/vtune_hotspots/data.0/pinerr.tpsslog -detach_reattach -follow_execv -tool_load_option deepbind -t64 /opt/intel/oneapi/vtune/2025.8/lib64/libtpsstool.so -t /opt/intel/oneapi/vtune/2025.8/lib32/libtpsstool.so -server_name tpss_ipc.2238404 -prd_dir /opt/intel/oneapi/vtune/2025.8 -- /home/antshiv/Workspace/C-Kernel-Engine/.venv/bin/python /home/antshiv/Workspace/C-Kernel-Engine/version/v7/scripts/train_parity_epochs_v7.py --epochs 3 --seq-len 16 --total-tokens 1024 --grad-accum 8 --optimizer adamw --lr 0.001 --seed 42 --json-out /home/antshiv/Workspace/C-Kernel-Engine/version/v7/reports/train_profile_e3_vtune.json --train-text Hello!
318 [125531643623296] INFO perfrun.launcher <> - ProcessCreator object was created
318 [125531643623296] INFO perfrun.launcher <> - Launcher: the process was started in suspend mode
319 [125531483793088] WARN perfrun.system <> - Could not do anything with /sys/kernel/debug/kvm: boost::filesystem::status: Permission denied [system:13]: "/sys/kernel/debug/kvm", at file: vcs/perfrun1/plugins/system/src/trace_writer.cpp:791
319 [125531483793088] WARN perfrun.system <> - Folder "/var/run/libvirt/qemu/"doesn't exist, at file: vcs/perfrun1/plugins/system/src/trace_writer.cpp:804
320 [125531483793088] WARN perfrun.sdk <> - Failed to find xl binary on any of the system paths: /bin, /sbin, /usr/bin, /usr/sbin., at file: vcs/perfrun1/sdk/src/utils.cpp:205
320 [125531483793088] WARN perfrun.system <> - Could not start ContainerMapping collector, at file: vcs/perfrun1/plugins/system/src/controller.cpp:450
321 [125531483793088] INFO perfrun.vdso <> - Helper runtool '/opt/intel/oneapi/vtune/2025.8/bin32/amplxe-runss -dump-vdso -r /home/antshiv/Workspace/C-Kernel-Engine/version/v7/reports/profile_train_latest/vtune_hotspots --tmp-dir /tmp/amplxe-tmp-antshiv' returned 1
632 [125531483793088] INFO perfrun.vdso <> - Helper runtool '/opt/intel/oneapi/vtune/2025.8/bin64/amplxe-runss -dump-vdso -r /home/antshiv/Workspace/C-Kernel-Engine/version/v7/reports/profile_train_latest/vtune_hotspots --tmp-dir /tmp/amplxe-tmp-antshiv' returned 0
632 [125531483793088] INFO perfrun.itt <> - start itt controller for pid #2238414
632 [125531483793088] INFO perfrun.perfcollector <> - attaching to pid: 2238414, m_mode: 10, mode: 11
632 [125531450222272] INFO perfrun.perfcollector <> - Perf stat trace pipe capacity: read = 1048576, write = 1048576
632 [125531475400384] INFO perfrun.sdk <> - Reading value (0-15) from file: /sys/devices/system/cpu/cpu0/topology/core_siblings_list
632 [125531475400384] INFO perfrun.sdk <> - Reading value (0-1) from file: /sys/devices/system/cpu/cpu0/topology/thread_siblings_list
632 [125531475400384] INFO perfrun.sdk <> - Reading value (0-15) from file: /sys/devices/system/cpu/cpu1/topology/core_siblings_list
632 [125531475400384] INFO perfrun.sdk <> - Reading value (0-1) from file: /sys/devices/system/cpu/cpu1/topology/thread_siblings_list
632 [125531475400384] INFO perfrun.sdk <> - Reading value (0-15) from file: /sys/devices/system/cpu/cpu2/topology/core_siblings_list
632 [125531475400384] INFO perfrun.sdk <> - Reading value (2-3) from file: /sys/devices/system/cpu/cpu2/topology/thread_siblings_list
632 [125531475400384] INFO perfrun.sdk <> - Reading value (0-15) from file: /sys/devices/system/cpu/cpu3/topology/core_siblings_list
632 [125531475400384] INFO perfrun.sdk <> - Reading value (2-3) from file: /sys/devices/system/cpu/cpu3/topology/thread_siblings_list
632 [125531475400384] INFO perfrun.sdk <> - Reading value (0-15) from file: /sys/devices/system/cpu/cpu4/topology/core_siblings_list
632 [125531475400384] INFO perfrun.sdk <> - Reading value (4-5) from file: /sys/devices/system/cpu/cpu4/topology/thread_siblings_list
632 [125531475400384] INFO perfrun.sdk <> - Reading value (0-15) from file: /sys/devices/system/cpu/cpu5/topology/core_siblings_list
632 [125531475400384] INFO perfrun.sdk <> - Reading value (4-5) from file: /sys/devices/system/cpu/cpu5/topology/thread_siblings_list
632 [125531475400384] INFO perfrun.sdk <> - Reading value (0-15) from file: /sys/devices/system/cpu/cpu6/topology/core_siblings_list
632 [125531475400384] INFO perfrun.sdk <> - Reading value (6-7) from file: /sys/devices/system/cpu/cpu6/topology/thread_siblings_list
633 [125531475400384] INFO perfrun.sdk <> - Reading value (0-15) from file: /sys/devices/system/cpu/cpu7/topology/core_siblings_list
633 [125531475400384] INFO perfrun.sdk <> - Reading value (6-7) from file: /sys/devices/system/cpu/cpu7/topology/thread_siblings_list
633 [125531475400384] INFO perfrun.sdk <> - Reading value (0-15) from file: /sys/devices/system/cpu/cpu8/topology/core_siblings_list
633 [125531475400384] INFO perfrun.sdk <> - Reading value (8) from file: /sys/devices/system/cpu/cpu8/topology/thread_siblings_list
633 [125531475400384] INFO perfrun.sdk <> - Reading value (0-15) from file: /sys/devices/system/cpu/cpu9/topology/core_siblings_list
633 [125531475400384] INFO perfrun.sdk <> - Reading value (9) from file: /sys/devices/system/cpu/cpu9/topology/thread_siblings_list
633 [125531475400384] INFO perfrun.sdk <> - Reading value (0-15) from file: /sys/devices/system/cpu/cpu10/topology/core_siblings_list
633 [125531475400384] INFO perfrun.sdk <> - Reading value (10) from file: /sys/devices/system/cpu/cpu10/topology/thread_siblings_list
633 [125531475400384] INFO perfrun.sdk <> - Reading value (0-15) from file: /sys/devices/system/cpu/cpu11/topology/core_siblings_list
633 [125531475400384] INFO perfrun.sdk <> - Reading value (11) from file: /sys/devices/system/cpu/cpu11/topology/thread_siblings_list
633 [125531475400384] INFO perfrun.sdk <> - Reading value (0-15) from file: /sys/devices/system/cpu/cpu12/topology/core_siblings_list
633 [125531475400384] INFO perfrun.sdk <> - Reading value (12) from file: /sys/devices/system/cpu/cpu12/topology/thread_siblings_list
633 [125531475400384] INFO perfrun.sdk <> - Reading value (0-15) from file: /sys/devices/system/cpu/cpu13/topology/core_siblings_list
633 [125531475400384] INFO perfrun.sdk <> - Reading value (13) from file: /sys/devices/system/cpu/cpu13/topology/thread_siblings_list
633 [125531475400384] INFO perfrun.sdk <> - Reading value (0-15) from file: /sys/devices/system/cpu/cpu14/topology/core_siblings_list
633 [125531475400384] INFO perfrun.sdk <> - Reading value (14) from file: /sys/devices/system/cpu/cpu14/topology/thread_siblings_list
633 [125531475400384] INFO perfrun.sdk <> - Reading value (0-15) from file: /sys/devices/system/cpu/cpu15/topology/core_siblings_list
633 [125531475400384] INFO perfrun.sdk <> - Reading value (15) from file: /sys/devices/system/cpu/cpu15/topology/thread_siblings_list
633 [125531475400384] INFO perfrun.sdk <> - Reading value (0-7) from file: /sys/bus/event_source/devices/cpu_core/cpus
633 [125531475400384] INFO perfrun.sdk <> - Reading value (8-15) from file: /sys/bus/event_source/devices/cpu_atom/cpus
633 [125531450222272] INFO perfrun.sdk <> - runCmd: /opt/intel/oneapi/vtune/2025.8/bin64/amplxe-perf stat -v --log-fd 22 --control=fd:23,26 --scale -x ; -p 2238414 -e cpu_atom/event=0x3c,name='CPU_CLK_UNHALTED.THREAD[ATOM]'/Duk,cpu_atom/umask=0x3,name='CPU_CLK_UNHALTED.REF_TSC[ATOM]'/Duk,cpu_atom/event=0xc0,name='INST_RETIRED.ANY[ATOM]'/Duk,cpu_atom/event=0xc2,name='TOPDOWN_RETIRING.ALL[ATOM]'/uk,cpu_core/event=0x3c,name='CPU_CLK_UNHALTED.THREAD[CORE]'/Duk,cpu_core/umask=0x3,name='CPU_CLK_UNHALTED.REF_TSC[CORE]'/Duk,cpu_core/event=0xc0,name='INST_RETIRED.ANY[CORE]'/Duk,cpu_core/event=0xec,umask=0x2,name='CPU_CLK_UNHALTED.DISTRIBUTED[CORE]'/uk,cpu_core/event=0xc7,umask=0x2,name='FP_ARITH_INST_RETIRED.SCALAR_SINGLE[CORE]'/uk,cpu_core/event=0xc7,umask=0x8,name='FP_ARITH_INST_RETIRED.128B_PACKED_SINGLE[CORE]'/uk,cpu_core/event=0xc7,umask=0x20,name='FP_ARITH_INST_RETIRED.256B_PACKED_SINGLE[CORE]'/uk,cpu_core/event=0xc7,umask=0x1,name='FP_ARITH_INST_RETIRED.SCALAR_DOUBLE[CORE]'/uk,cpu_core/event=0xc7,umask=0x4,name='FP_ARITH_INST_RETIRED.128B_PACKED_DOUBLE[CORE]'/uk,cpu_core/event=0xc7,umask=0x10,name='FP_ARITH_INST_RETIRED.256B_PACKED_DOUBLE[CORE]'/uk,cpu_core/event=0xb1,umask=0x10,name='UOPS_EXECUTED.X87[CORE]'/uk,cpu_core/event=0xc2,umask=0x2,name='UOPS_RETIRED.SLOTS[CORE]'/uk,cpu_core/event=0xb1,umask=0x1,name='UOPS_EXECUTED.THREAD[CORE]'/uk,cpu_core/umask=0x4,name='TOPDOWN.SLOTS[CORE]'/Duk,cpu_core/event=0xa4,umask=0x1,name='TOPDOWN.SLOTS_P[CORE]'/uk /opt/intel/oneapi/vtune/2025.8/bin64/amplxe-perf-sync sync tsc
634 [125531450222272] INFO perfrun.sdk <> - runCmd started PID 2238425
640 [125531483793088] INFO perfrun.tpss <> - start tpss controller for pid #2238414
691 [125531643623296] INFO perfrun.launcher <> - Launcher: all plugins were started
691 [125531643623296] INFO perfrun.launcher <> - DirectoryMonitor object was created
691 [125531643623296] INFO perfrun.launcher <> - DirectoryMonitor: a callback was added
691 [125531643623296] INFO perfrun.launcher <> - DirectoryMonitor was started with pingTime = 1000
691 [125531643623296] INFO perfrun.launcher <> - DeadlineTimer is going to be constructed
692 [125531643623296] INFO perfrun.launcher <> - DeadlineTimer: a callback was added
698 [125531643623296] INFO perfrun.launcher <> - Launcher: resume the profiled application and  wait its termination or stop command
4234 [125531643623296] INFO perfrun.launcher <> - Launcher: the profiled application was terminated  with exit code = 0
4238 [125531483793088] INFO perfrun.itt <> - detach itt controller
4238 [125531483793088] INFO perfrun.itt <> - detach itt controller done
4239 [125531450222272] INFO perfrun.perfcollector <> - Monitor: runCmd RC = true
4239 [125531483793088] INFO perfrun.perfcollector <> - Monitor: state = 3, error = 1
4239 [125531483793088] INFO perfrun.tpss <> - stop tpss controller
4240 [125531483793088] INFO perfrun.sdk <> - De-allocating TMU: /home/antshiv/Workspace/C-Kernel-Engine/version/v7/reports/profile_train_latest/vtune_hotspots/data.0/systemcollector-2238404-antshiv-ThinkPad-T14-Gen-3.sc
4240 [125531483793088] INFO perfrun.system <> - closed the system trace file: /home/antshiv/Workspace/C-Kernel-Engine/version/v7/reports/profile_train_latest/vtune_hotspots/data.0/systemcollector-2238404-antshiv-ThinkPad-T14-Gen-3.sc
4240 [125531643623296] INFO perfrun.launcher <> - Launcher: all plugins were stopped.
4240 [125531643623296] INFO perfrun.launcher <> - DeadlineTimer is going to be destroyed
4240 [125531643623296] INFO perfrun.launcher <> - DeadlineTimer was destroyed
4240 [125531643623296] INFO perfrun.launcher <> - DirectoryMonitor object was destroyed
4240 [125531643623296] WARN perfrun.launcher <> - Stop command is ignored because it is received when collection is already stopped, at file: vcs/perfrun1/launcher/src/command_handler.cpp:226
4240 [125531643623296] INFO perfrun.launcher <> - Application exit code: 0
4240 [125531643623296] INFO perfrun.launcher <> - Exit code: 0
